<?xml version="1.0" encoding="UTF-8"?>
<!-- Generated by org.testng.reporters.JUnitXMLReporter -->
<testsuite ignored="0" hostname="SUCSekhar98" failures="0" tests="4" name="complete e2e tes" time="27.99" errors="0" timestamp="2024-08-10T19:47:59 IST">
  <testcase classname="UmaSangada.Tests.ModifiedE2e" name="submitorder" time="4.024"/>
  <testcase classname="UmaSangada.Tests.ModifiedE2e" name="submitorder" time="3.786"/>
  <testcase classname="UmaSangada.Tests.ModifiedE2e" name="orderhistory" time="0.913"/>
  <testcase classname="UmaSangada.Tests.ModifiedE2e" name="orderhistory" time="0.792"/>
</testsuite> <!-- complete e2e tes -->
