<?xml version="1.0" encoding="UTF-8"?>
<!-- Generated by org.testng.reporters.JUnitXMLReporter -->
<testsuite ignored="0" hostname="SUCSekhar98" failures="1" tests="2" name="error validation" time="9.797" errors="0" timestamp="2024-08-10T09:38:56 IST">
  <testcase classname="UmaSangada.Tests.ErrorValidation" name="loginErrorValidation" time="0.764">
    <skipped/>
  </testcase> <!-- loginErrorValidation -->
  <testcase classname="UmaSangada.Tests.ErrorValidation" name="loginErrorValidation" time="0.563">
    <failure type="java.lang.AssertionError" message="expected [Incorrect email or password.] but found [Incorrect email o password.]">
      <![CDATA[java.lang.AssertionError: expected [Incorrect email or password.] but found [Incorrect email o password.]
at UmaSangada.Tests.ErrorValidation.loginErrorValidation(ErrorValidation.java:19)
at java.base/java.util.ArrayList.forEach(ArrayList.java:1596)
at java.base/java.util.concurrent.FutureTask.run(FutureTask.java:317)
at java.base/java.util.concurrent.ThreadPoolExecutor.runWorker(ThreadPoolExecutor.java:1144)
at java.base/java.util.concurrent.ThreadPoolExecutor$Worker.run(ThreadPoolExecutor.java:642)
at java.base/java.lang.Thread.run(Thread.java:1583)
... Removed 21 stack frames]]>
    </failure>
  </testcase> <!-- loginErrorValidation -->
</testsuite> <!-- error validation -->
