<?xml version="1.0" encoding="UTF-8"?>
<testng-results ignored="0" total="4" passed="4" failed="0" skipped="0">
  <reporter-output>
  </reporter-output>
  <suite started-at="2024-08-10T19:47:30 IST" name="Suite" finished-at="2024-08-10T19:47:58 IST" duration-ms="27990">
    <groups>
      <group name="purchase">
        <method signature="ModifiedE2e.submitorder(java.util.HashMap)[pri:0, instance:UmaSangada.Tests.ModifiedE2e@45d84a20]" name="submitorder" class="UmaSangada.Tests.ModifiedE2e"/>
      </group> <!-- purchase -->
    </groups>
    <test started-at="2024-08-10T19:47:30 IST" name="complete e2e tes" finished-at="2024-08-10T19:47:58 IST" duration-ms="27990">
      <class name="UmaSangada.Tests.ModifiedE2e">
        <test-method is-config="true" signature="LaunchApplication()[pri:0, instance:UmaSangada.Tests.ModifiedE2e@45d84a20]" started-at="2024-08-10T19:47:31 IST" name="LaunchApplication" finished-at="2024-08-10T19:47:35 IST" duration-ms="3968" status="PASS">
          <reporter-output>
          </reporter-output>
        </test-method> <!-- LaunchApplication -->
        <test-method signature="submitorder(java.util.HashMap)[pri:0, instance:UmaSangada.Tests.ModifiedE2e@45d84a20]" started-at="2024-08-10T19:47:35 IST" name="submitorder" data-provider="getdata" finished-at="2024-08-10T19:47:39 IST" duration-ms="4024" status="PASS">
          <params>
            <param index="0">
              <value>
                <![CDATA[{mail=umasangada98@gmail.com, password=T@bby23519, product=ZARA COAT 3}]]>
              </value>
            </param>
          </params>
          <reporter-output>
          </reporter-output>
        </test-method> <!-- submitorder -->
        <test-method is-config="true" signature="closebrowse()[pri:0, instance:UmaSangada.Tests.ModifiedE2e@45d84a20]" started-at="2024-08-10T19:47:39 IST" name="closebrowse" finished-at="2024-08-10T19:47:39 IST" duration-ms="272" status="PASS">
          <reporter-output>
          </reporter-output>
        </test-method> <!-- closebrowse -->
        <test-method is-config="true" signature="LaunchApplication()[pri:0, instance:UmaSangada.Tests.ModifiedE2e@45d84a20]" started-at="2024-08-10T19:47:39 IST" name="LaunchApplication" finished-at="2024-08-10T19:47:44 IST" duration-ms="4532" status="PASS">
          <reporter-output>
          </reporter-output>
        </test-method> <!-- LaunchApplication -->
        <test-method signature="submitorder(java.util.HashMap)[pri:0, instance:UmaSangada.Tests.ModifiedE2e@45d84a20]" started-at="2024-08-10T19:47:44 IST" name="submitorder" data-provider="getdata" finished-at="2024-08-10T19:47:48 IST" duration-ms="3786" status="PASS">
          <params>
            <param index="0">
              <value>
                <![CDATA[{mail=umasangada98@gmail.com, password=T@bby23519, product=ADIDAS ORIGINAL}]]>
              </value>
            </param>
          </params>
          <reporter-output>
          </reporter-output>
        </test-method> <!-- submitorder -->
        <test-method is-config="true" signature="closebrowse()[pri:0, instance:UmaSangada.Tests.ModifiedE2e@45d84a20]" started-at="2024-08-10T19:47:48 IST" name="closebrowse" finished-at="2024-08-10T19:47:48 IST" duration-ms="286" status="PASS">
          <reporter-output>
          </reporter-output>
        </test-method> <!-- closebrowse -->
        <test-method is-config="true" signature="LaunchApplication()[pri:0, instance:UmaSangada.Tests.ModifiedE2e@45d84a20]" started-at="2024-08-10T19:47:48 IST" name="LaunchApplication" finished-at="2024-08-10T19:47:53 IST" duration-ms="4398" status="PASS">
          <reporter-output>
          </reporter-output>
        </test-method> <!-- LaunchApplication -->
        <test-method signature="orderhistory(java.util.HashMap)[pri:0, instance:UmaSangada.Tests.ModifiedE2e@45d84a20]" started-at="2024-08-10T19:47:53 IST" name="orderhistory" data-provider="getdata" finished-at="2024-08-10T19:47:54 IST" depends-on-methods="UmaSangada.Tests.ModifiedE2e.submitorder" duration-ms="913" status="PASS">
          <params>
            <param index="0">
              <value>
                <![CDATA[{mail=umasangada98@gmail.com, password=T@bby23519, product=ZARA COAT 3}]]>
              </value>
            </param>
          </params>
          <reporter-output>
          </reporter-output>
        </test-method> <!-- orderhistory -->
        <test-method is-config="true" signature="closebrowse()[pri:0, instance:UmaSangada.Tests.ModifiedE2e@45d84a20]" started-at="2024-08-10T19:47:54 IST" name="closebrowse" finished-at="2024-08-10T19:47:54 IST" duration-ms="189" status="PASS">
          <reporter-output>
          </reporter-output>
        </test-method> <!-- closebrowse -->
        <test-method is-config="true" signature="LaunchApplication()[pri:0, instance:UmaSangada.Tests.ModifiedE2e@45d84a20]" started-at="2024-08-10T19:47:54 IST" name="LaunchApplication" finished-at="2024-08-10T19:47:57 IST" duration-ms="3270" status="PASS">
          <reporter-output>
          </reporter-output>
        </test-method> <!-- LaunchApplication -->
        <test-method signature="orderhistory(java.util.HashMap)[pri:0, instance:UmaSangada.Tests.ModifiedE2e@45d84a20]" started-at="2024-08-10T19:47:57 IST" name="orderhistory" data-provider="getdata" finished-at="2024-08-10T19:47:58 IST" depends-on-methods="UmaSangada.Tests.ModifiedE2e.submitorder" duration-ms="792" status="PASS">
          <params>
            <param index="0">
              <value>
                <![CDATA[{mail=umasangada98@gmail.com, password=T@bby23519, product=ADIDAS ORIGINAL}]]>
              </value>
            </param>
          </params>
          <reporter-output>
          </reporter-output>
        </test-method> <!-- orderhistory -->
        <test-method is-config="true" signature="closebrowse()[pri:0, instance:UmaSangada.Tests.ModifiedE2e@45d84a20]" started-at="2024-08-10T19:47:58 IST" name="closebrowse" finished-at="2024-08-10T19:47:58 IST" duration-ms="291" status="PASS">
          <reporter-output>
          </reporter-output>
        </test-method> <!-- closebrowse -->
      </class> <!-- UmaSangada.Tests.ModifiedE2e -->
    </test> <!-- complete e2e tes -->
  </suite> <!-- Suite -->
</testng-results>
